e:\dssplugin\dssplugin\debug\dssplugin.pch
e:\dssplugin\dssplugin\debug\vc140.pdb
e:\dssplugin\dssplugin\debug\vc140.idb
e:\dssplugin\dssplugin\debug\stdafx.obj
e:\dssplugin\dssplugin\debug\busnode.obj
e:\dssplugin\dssplugin\debug\dssplugin.obj
e:\dssplugin\dssplugin\debug\buselement.obj
e:\dssplugin\dssplugin\debug\nodeconnector.obj
e:\dssplugin\dssplugin\debug\stringutils.obj
e:\dssplugin\dssplugin\debug\distributionsystemgraph.obj
e:\dssplugin\debug\dssplugin.lib
e:\dssplugin\debug\dssplugin.exp
e:\dssplugin\debug\dssplugin.ilk
e:\dssplugin\debug\dssplugin.exe
e:\dssplugin\debug\dssplugin.pdb
e:\dssplugin\dssplugin\debug\dssplugin.tlog\cl.command.1.tlog
e:\dssplugin\dssplugin\debug\dssplugin.tlog\cl.read.1.tlog
e:\dssplugin\dssplugin\debug\dssplugin.tlog\cl.write.1.tlog
e:\dssplugin\dssplugin\debug\dssplugin.tlog\dssplugin.write.1u.tlog
e:\dssplugin\dssplugin\debug\dssplugin.tlog\link.command.1.tlog
e:\dssplugin\dssplugin\debug\dssplugin.tlog\link.read.1.tlog
e:\dssplugin\dssplugin\debug\dssplugin.tlog\link.write.1.tlog
